  MiniginPCH.cpp
  BaseComponent.cpp
  Character.cpp
  ColliderComponent.cpp
  ColliderManager.cpp
  Font.cpp
  FPSComponent.cpp
  GameCommands.cpp
  GameObject.cpp
  InputManager.cpp
  Log.cpp
  Minigin.cpp
  Pacman.cpp
  PacManScene.cpp
  RenderComponent.cpp
  Renderer.cpp
  ResourceManager.cpp
  Scene.cpp
  SceneManager.cpp
  TextComponent.cpp
  Texture2D.cpp
  Compiling...
  TextureComponent.cpp
  TransformComponent.cpp
     Creating library C:\Develop\Prog4Exam\Exam_Assignment\Win32\Release\Minigin.lib and object C:\Develop\Prog4Exam\Exam_Assignment\Win32\Release\Minigin.exp
  Generating code
  All 1383 functions were compiled because no usable IPDB/IOBJ from previous compilation was found.
  Finished generating code
  Minigin.vcxproj -> C:\Develop\Prog4Exam\Exam_Assignment\Win32\Release\Minigin.exe
  Minigin.vcxproj -> C:\Develop\Prog4Exam\Exam_Assignment\Win32\Release\Minigin.pdb (Full PDB)
  C:\Develop\Prog4Exam\Exam_Assignment\3rdParty\SDL2\lib\x86\SDL2.dll
  1 File(s) copied
  C:\Develop\Prog4Exam\Exam_Assignment\3rdParty\SDL2_image\lib\x86\libjpeg-9.dll
  C:\Develop\Prog4Exam\Exam_Assignment\3rdParty\SDL2_image\lib\x86\libpng16-16.dll
  C:\Develop\Prog4Exam\Exam_Assignment\3rdParty\SDL2_image\lib\x86\libtiff-5.dll
  C:\Develop\Prog4Exam\Exam_Assignment\3rdParty\SDL2_image\lib\x86\libwebp-7.dll
  C:\Develop\Prog4Exam\Exam_Assignment\3rdParty\SDL2_image\lib\x86\SDL2_image.dll
  C:\Develop\Prog4Exam\Exam_Assignment\3rdParty\SDL2_image\lib\x86\zlib1.dll
  6 File(s) copied
  C:\Develop\Prog4Exam\Exam_Assignment\3rdParty\SDL2_ttf\lib\x86\libfreetype-6.dll
  C:\Develop\Prog4Exam\Exam_Assignment\3rdParty\SDL2_ttf\lib\x86\SDL2_ttf.dll
  2 File(s) copied
