c:\develop\prog4exam\exam_assignment\minigin\win32\release\minigin.pch
c:\develop\prog4exam\exam_assignment\minigin\win32\release\vc141.pdb
c:\develop\prog4exam\exam_assignment\minigin\win32\release\miniginpch.obj
c:\develop\prog4exam\exam_assignment\minigin\win32\release\renderer.obj
c:\develop\prog4exam\exam_assignment\minigin\win32\release\rendercomponent.obj
c:\develop\prog4exam\exam_assignment\minigin\win32\release\rectanglecomponent.obj
c:\develop\prog4exam\exam_assignment\minigin\win32\release\pickup.obj
c:\develop\prog4exam\exam_assignment\minigin\win32\release\pacmanscene.obj
c:\develop\prog4exam\exam_assignment\minigin\win32\release\pacman.obj
c:\develop\prog4exam\exam_assignment\minigin\win32\release\minigin.obj
c:\develop\prog4exam\exam_assignment\minigin\win32\release\log.obj
c:\develop\prog4exam\exam_assignment\minigin\win32\release\levelloader.obj
c:\develop\prog4exam\exam_assignment\minigin\win32\release\inputmanager.obj
c:\develop\prog4exam\exam_assignment\minigin\win32\release\ghost.obj
c:\develop\prog4exam\exam_assignment\minigin\win32\release\gameobject.obj
c:\develop\prog4exam\exam_assignment\minigin\win32\release\gamecommands.obj
c:\develop\prog4exam\exam_assignment\minigin\win32\release\fruit.obj
c:\develop\prog4exam\exam_assignment\minigin\win32\release\fpscomponent.obj
c:\develop\prog4exam\exam_assignment\minigin\win32\release\font.obj
c:\develop\prog4exam\exam_assignment\minigin\win32\release\collidermanager.obj
c:\develop\prog4exam\exam_assignment\minigin\win32\release\collidercomponent.obj
c:\develop\prog4exam\exam_assignment\minigin\win32\release\character.obj
c:\develop\prog4exam\exam_assignment\minigin\win32\release\basecomponent.obj
c:\develop\prog4exam\exam_assignment\minigin\win32\release\wall.obj
c:\develop\prog4exam\exam_assignment\minigin\win32\release\transformcomponent.obj
c:\develop\prog4exam\exam_assignment\minigin\win32\release\texturecomponent.obj
c:\develop\prog4exam\exam_assignment\minigin\win32\release\texture2d.obj
c:\develop\prog4exam\exam_assignment\minigin\win32\release\textcomponent.obj
c:\develop\prog4exam\exam_assignment\minigin\win32\release\teleporter.obj
c:\develop\prog4exam\exam_assignment\minigin\win32\release\specialpickup.obj
c:\develop\prog4exam\exam_assignment\minigin\win32\release\selectionscene.obj
c:\develop\prog4exam\exam_assignment\minigin\win32\release\scenemanager.obj
c:\develop\prog4exam\exam_assignment\minigin\win32\release\scene.obj
c:\develop\prog4exam\exam_assignment\minigin\win32\release\resourcemanager.obj
c:\develop\prog4exam\exam_assignment\win32\release\minigin.exe
c:\develop\prog4exam\exam_assignment\win32\release\minigin.pdb
c:\develop\prog4exam\exam_assignment\win32\release\minigin.lib
c:\develop\prog4exam\exam_assignment\win32\release\minigin.exp
c:\develop\prog4exam\exam_assignment\win32\release\minigin.ipdb
c:\develop\prog4exam\exam_assignment\win32\release\minigin.iobj
c:\develop\prog4exam\exam_assignment\minigin\win32\release\minigin.tlog\cl.command.1.tlog
c:\develop\prog4exam\exam_assignment\minigin\win32\release\minigin.tlog\cl.read.1.tlog
c:\develop\prog4exam\exam_assignment\minigin\win32\release\minigin.tlog\cl.write.1.tlog
c:\develop\prog4exam\exam_assignment\minigin\win32\release\minigin.tlog\link.command.1.tlog
c:\develop\prog4exam\exam_assignment\minigin\win32\release\minigin.tlog\link.read.1.tlog
c:\develop\prog4exam\exam_assignment\minigin\win32\release\minigin.tlog\link.write.1.tlog
c:\develop\prog4exam\exam_assignment\minigin\win32\release\minigin.tlog\minigin.write.1u.tlog
