c:\develop\prog4exam\exam_assignment\minigin\x64\debug\minigin.pch
c:\develop\prog4exam\exam_assignment\minigin\x64\debug\vc141.pdb
c:\develop\prog4exam\exam_assignment\minigin\x64\debug\vc141.idb
c:\develop\prog4exam\exam_assignment\minigin\x64\debug\miniginpch.obj
c:\develop\prog4exam\exam_assignment\minigin\x64\debug\ghost.obj
c:\develop\prog4exam\exam_assignment\minigin\x64\debug\inputmanager.obj
c:\develop\prog4exam\exam_assignment\minigin\x64\debug\levelloader.obj
c:\develop\prog4exam\exam_assignment\minigin\x64\debug\log.obj
c:\develop\prog4exam\exam_assignment\minigin\x64\debug\minigin.obj
c:\develop\prog4exam\exam_assignment\minigin\x64\debug\pacman.obj
c:\develop\prog4exam\exam_assignment\minigin\x64\debug\pacmanscene.obj
c:\develop\prog4exam\exam_assignment\minigin\x64\debug\pickup.obj
c:\develop\prog4exam\exam_assignment\minigin\x64\debug\rectanglecomponent.obj
c:\develop\prog4exam\exam_assignment\minigin\x64\debug\rendercomponent.obj
c:\develop\prog4exam\exam_assignment\minigin\x64\debug\renderer.obj
c:\develop\prog4exam\exam_assignment\minigin\x64\debug\resourcemanager.obj
c:\develop\prog4exam\exam_assignment\minigin\x64\debug\scene.obj
c:\develop\prog4exam\exam_assignment\minigin\x64\debug\scenemanager.obj
c:\develop\prog4exam\exam_assignment\minigin\x64\debug\specialpickup.obj
c:\develop\prog4exam\exam_assignment\minigin\x64\debug\textcomponent.obj
c:\develop\prog4exam\exam_assignment\minigin\x64\debug\texture2d.obj
c:\develop\prog4exam\exam_assignment\minigin\x64\debug\texturecomponent.obj
c:\develop\prog4exam\exam_assignment\minigin\x64\debug\transformcomponent.obj
c:\develop\prog4exam\exam_assignment\minigin\x64\debug\wall.obj
c:\develop\prog4exam\exam_assignment\minigin\x64\debug\basecomponent.obj
c:\develop\prog4exam\exam_assignment\minigin\x64\debug\character.obj
c:\develop\prog4exam\exam_assignment\minigin\x64\debug\collidercomponent.obj
c:\develop\prog4exam\exam_assignment\minigin\x64\debug\collidermanager.obj
c:\develop\prog4exam\exam_assignment\minigin\x64\debug\font.obj
c:\develop\prog4exam\exam_assignment\minigin\x64\debug\fpscomponent.obj
c:\develop\prog4exam\exam_assignment\minigin\x64\debug\gamecommands.obj
c:\develop\prog4exam\exam_assignment\minigin\x64\debug\gameobject.obj
c:\develop\prog4exam\exam_assignment\x64\debug\minigin.ilk
c:\develop\prog4exam\exam_assignment\x64\debug\minigin.exe
c:\develop\prog4exam\exam_assignment\x64\debug\minigin.pdb
c:\develop\prog4exam\exam_assignment\x64\debug\minigin.lib
c:\develop\prog4exam\exam_assignment\x64\debug\minigin.exp
c:\develop\prog4exam\exam_assignment\minigin\x64\debug\minigin.tlog\cl.command.1.tlog
c:\develop\prog4exam\exam_assignment\minigin\x64\debug\minigin.tlog\cl.read.1.tlog
c:\develop\prog4exam\exam_assignment\minigin\x64\debug\minigin.tlog\cl.write.1.tlog
c:\develop\prog4exam\exam_assignment\minigin\x64\debug\minigin.tlog\link.command.1.tlog
c:\develop\prog4exam\exam_assignment\minigin\x64\debug\minigin.tlog\link.read.1.tlog
c:\develop\prog4exam\exam_assignment\minigin\x64\debug\minigin.tlog\link.write.1.tlog
c:\develop\prog4exam\exam_assignment\minigin\x64\debug\minigin.tlog\minigin.write.1u.tlog
